<?xml version="1.0" encoding="UTF-8"?>
<!-- Generated by org.testng.reporters.JUnitReportReporter -->
<testsuite hostname="RJ-PC" failures="0" tests="2" name="amazontest.TsstSignInbyPeri" time="62.215" errors="0" timestamp="2022-10-10T16:01:51 IST" skipped="0">
  <testcase classname="amazontest.TsstSignInbyPeri" name="test1" time="32.163"/>
  <system-out/>
  <testcase classname="amazontest.TsstSignInbyPeri" name="test2" time="30.052"/>
  <system-out/>
</testsuite> <!-- amazontest.TsstSignInbyPeri -->
