<?xml version="1.0" encoding="UTF-8"?>
<!-- Generated by org.testng.reporters.JUnitReportReporter -->
<testsuite hostname="RJ-PC" failures="0" tests="2" name="amazontest.TestCartFunctionality" time="128.925" errors="0" timestamp="2022-10-11T12:30:47 IST" skipped="0">
  <testcase classname="amazontest.TestCartFunctionality" name="test2" time="20.794"/>
  <system-out/>
  <testcase classname="amazontest.TestCartFunctionality" name="test1" time="108.131"/>
  <system-out/>
</testsuite> <!-- amazontest.TestCartFunctionality -->
